2023-06-16 05:37:40:247 [Appium] Welcome to Appium v1.22.3
2023-06-16 05:37:40:248 [Appium] Non-default server args:
2023-06-16 05:37:40:249 [Appium]   port: 4520
2023-06-16 05:37:40:249 [Appium]   basePath: /wd/hub/
2023-06-16 05:37:40:249 [Appium]   logFile: /Users/balaji/Documents/Company/Brillio June 2023 Mac/appium_workspace/MobileFramework/logs/appiumlog.log
2023-06-16 05:37:40:278 [Appium] Appium REST http interface listener started on 0.0.0.0:4520
2023-06-16 05:37:40:470 [HTTP] --> GET /wd/hub/status
2023-06-16 05:37:40:470 [HTTP] {}
2023-06-16 05:37:40:472 [GENERIC] Calling AppiumDriver.getStatus() with args: []
2023-06-16 05:37:40:473 [GENERIC] Responding to client with driver.getStatus() result: {"build":{"version":"1.22.3"}}
2023-06-16 05:37:40:479 [HTTP] <-- GET /wd/hub/status 200 7 ms - 68
2023-06-16 05:37:40:480 [HTTP] 
2023-06-16 05:37:40:493 [HTTP] Request idempotency key: a98a9e2a-c409-4773-8810-8a994b0bd9ef
2023-06-16 05:37:40:511 [HTTP] --> POST /wd/hub/session
2023-06-16 05:37:40:512 [HTTP] {"capabilities":{"firstMatch":[{}],"alwaysMatch":{"appium:app":"/Users/balaji/Documents/Company/Brillio June 2023 Mac/appium_workspace/MobileFramework/apps/khan-academy-7-3-2.apk","appium:autoLaunch":"false","appium:deviceName":"redmi","platformName":"ANDROID"}}}
2023-06-16 05:37:40:512 [W3C] Calling AppiumDriver.createSession() with args: [null,null,{"firstMatch":[{}],"alwaysMatch":{"appium:app":"/Users/balaji/Documents/Company/Brillio June 2023 Mac/appium_workspace/MobileFramework/apps/khan-academy-7-3-2.apk","appium:autoLaunch":"false","appium:deviceName":"redmi","platformName":"ANDROID"}}]
2023-06-16 05:37:40:514 [BaseDriver] Event 'newSessionRequested' logged at 1686893860513 (11:07:40 GMT+0530 (India Standard Time))
2023-06-16 05:37:40:519 [Appium] 
2023-06-16 05:37:40:520 [Appium] ======================================================================
2023-06-16 05:37:40:520 [Appium]   DEPRECATION WARNING:
2023-06-16 05:37:40:520 [Appium] 
2023-06-16 05:37:40:520 [Appium]   The 'automationName' capability was not provided in the desired 
2023-06-16 05:37:40:520 [Appium]   capabilities for this Android session
2023-06-16 05:37:40:520 [Appium] 
2023-06-16 05:37:40:520 [Appium]   Setting 'automationName=UiAutomator2' by default and using the 
2023-06-16 05:37:40:521 [Appium]   UiAutomator2 Driver
2023-06-16 05:37:40:521 [Appium] 
2023-06-16 05:37:40:521 [Appium]   The next major version of Appium (2.x) will **require** the 
2023-06-16 05:37:40:521 [Appium]   'automationName' capability to be set for all sessions on all 
2023-06-16 05:37:40:521 [Appium]   platforms
2023-06-16 05:37:40:521 [Appium] 
2023-06-16 05:37:40:521 [Appium]   In previous versions (Appium <= 1.13.x), the default was 
2023-06-16 05:37:40:521 [Appium]   'automationName=UiAutomator1'
2023-06-16 05:37:40:521 [Appium] 
2023-06-16 05:37:40:521 [Appium]   If you wish to use that automation instead of UiAutomator2, please 
2023-06-16 05:37:40:521 [Appium]   add 'automationName=UiAutomator1' to your desired capabilities
2023-06-16 05:37:40:522 [Appium] 
2023-06-16 05:37:40:522 [Appium]   For more information about drivers, please visit 
2023-06-16 05:37:40:522 [Appium]   http://appium.io/docs/en/about-appium/intro/ and explore the 
2023-06-16 05:37:40:522 [Appium]   'Drivers' menu
2023-06-16 05:37:40:522 [Appium] 
2023-06-16 05:37:40:522 [Appium] ======================================================================
2023-06-16 05:37:40:522 [Appium] 
2023-06-16 05:37:40:768 [Appium] Appium v1.22.3 creating new AndroidUiautomator2Driver (v1.70.1) session
2023-06-16 05:37:40:770 [BaseDriver] Creating session with W3C capabilities: {
2023-06-16 05:37:40:771 [BaseDriver]   "alwaysMatch": {
2023-06-16 05:37:40:771 [BaseDriver]     "platformName": "ANDROID",
2023-06-16 05:37:40:771 [BaseDriver]     "appium:app": "/Users/balaji/Documents/Company/Brillio June 2023 Mac/appium_workspace/MobileFramework/apps/khan-academy-7-3-2.apk",
2023-06-16 05:37:40:771 [BaseDriver]     "appium:autoLaunch": "false",
2023-06-16 05:37:40:771 [BaseDriver]     "appium:deviceName": "redmi"
2023-06-16 05:37:40:771 [BaseDriver]   },
2023-06-16 05:37:40:771 [BaseDriver]   "firstMatch": [
2023-06-16 05:37:40:771 [BaseDriver]     {}
2023-06-16 05:37:40:771 [BaseDriver]   ]
2023-06-16 05:37:40:771 [BaseDriver] }
2023-06-16 05:37:40:776 [BaseDriver] Capability 'autoLaunch' changed from string to boolean. This may cause unexpected behavior
2023-06-16 05:37:40:779 [BaseDriver] Session created with session id: 082ed66c-0940-4742-932b-a42378129f66
2023-06-16 05:37:40:782 [BaseDriver] Using local app '/Users/balaji/Documents/Company/Brillio June 2023 Mac/appium_workspace/MobileFramework/apps/khan-academy-7-3-2.apk'
2023-06-16 05:37:40:783 [UiAutomator2] Checking whether app is actually present
2023-06-16 05:37:40:804 [ADB] Found 3 'build-tools' folders under '/Users/balaji/Library/Android/sdk' (newest first):
2023-06-16 05:37:40:805 [ADB]     /Users/balaji/Library/Android/sdk/build-tools/34.0.0
2023-06-16 05:37:40:805 [ADB]     /Users/balaji/Library/Android/sdk/build-tools/30.0.3
2023-06-16 05:37:40:805 [ADB]     /Users/balaji/Library/Android/sdk/build-tools/29.0.2
2023-06-16 05:37:40:805 [ADB] Using 'adb' from '/Users/balaji/Library/Android/sdk/platform-tools/adb'
2023-06-16 05:37:40:806 [ADB] Running '/Users/balaji/Library/Android/sdk/platform-tools/adb -P 5037 start-server'
2023-06-16 05:37:40:835 [AndroidDriver] Retrieving device list
2023-06-16 05:37:40:835 [ADB] Trying to find a connected android device
2023-06-16 05:37:40:836 [ADB] Getting connected devices
2023-06-16 05:37:40:863 [ADB] Connected devices: [{"udid":"emulator-5554","state":"device"}]
2023-06-16 05:37:40:863 [AndroidDriver] Using device: emulator-5554
2023-06-16 05:37:40:864 [ADB] Using 'adb' from '/Users/balaji/Library/Android/sdk/platform-tools/adb'
2023-06-16 05:37:40:865 [ADB] Running '/Users/balaji/Library/Android/sdk/platform-tools/adb -P 5037 start-server'
2023-06-16 05:37:40:891 [ADB] Setting device id to emulator-5554
2023-06-16 05:37:40:891 [ADB] Running '/Users/balaji/Library/Android/sdk/platform-tools/adb -P 5037 -s emulator-5554 shell getprop ro.build.version.sdk'
2023-06-16 05:37:40:939 [ADB] Current device property 'ro.build.version.sdk': 33
2023-06-16 05:37:40:939 [ADB] Getting device platform version
2023-06-16 05:37:40:939 [ADB] Running '/Users/balaji/Library/Android/sdk/platform-tools/adb -P 5037 -s emulator-5554 shell getprop ro.build.version.release'
2023-06-16 05:37:40:985 [ADB] Current device property 'ro.build.version.release': 13
2023-06-16 05:37:40:985 [ADB] Device API level: 33
2023-06-16 05:37:40:986 [UiAutomator2] Relaxing hidden api policy
2023-06-16 05:37:40:986 [ADB] Running '/Users/balaji/Library/Android/sdk/platform-tools/adb -P 5037 -s emulator-5554 shell 'settings put global hidden_api_policy_pre_p_apps 1;settings put global hidden_api_policy_p_apps 1;settings put global hidden_api_policy 1''
2023-06-16 05:37:41:123 [AndroidDriver] Parsing package and activity from app manifest
2023-06-16 05:37:41:154 [ADB] Package name: 'org.khanacademy.android'
2023-06-16 05:37:41:154 [ADB] Main activity name: 'org.khanacademy.android.ui.library.MainActivity'
2023-06-16 05:37:41:154 [AndroidDriver] Parsed package and activity are: org.khanacademy.android/org.khanacademy.android.ui.library.MainActivity
2023-06-16 05:37:41:155 [ADB] Running '/Users/balaji/Library/Android/sdk/platform-tools/adb -P 5037 -s emulator-5554 wait-for-device'
2023-06-16 05:37:41:182 [ADB] Running '/Users/balaji/Library/Android/sdk/platform-tools/adb -P 5037 -s emulator-5554 shell echo ping'
2023-06-16 05:37:41:221 [AndroidDriver] Pushing settings apk to device...
2023-06-16 05:37:41:222 [ADB] Getting install status for io.appium.settings
2023-06-16 05:37:41:223 [ADB] Running '/Users/balaji/Library/Android/sdk/platform-tools/adb -P 5037 -s emulator-5554 shell dumpsys package io.appium.settings'
2023-06-16 05:37:41:282 [ADB] 'io.appium.settings' is installed
2023-06-16 05:37:41:282 [ADB] Getting package info for 'io.appium.settings'
2023-06-16 05:37:41:282 [ADB] Running '/Users/balaji/Library/Android/sdk/platform-tools/adb -P 5037 -s emulator-5554 shell dumpsys package io.appium.settings'
2023-06-16 05:37:41:345 [ADB] The version name of the installed 'io.appium.settings' is greater or equal to the application version name ('3.4.0' >= '3.4.0')
2023-06-16 05:37:41:345 [ADB] There is no need to install/upgrade '/usr/local/lib/node_modules/appium/node_modules/io.appium.settings/apks/settings_apk-debug.apk'
2023-06-16 05:37:41:346 [ADB] Getting IDs of all 'io.appium.settings' processes
2023-06-16 05:37:41:346 [ADB] Running '/Users/balaji/Library/Android/sdk/platform-tools/adb -P 5037 -s emulator-5554 shell 'pgrep --help; echo $?''
2023-06-16 05:37:41:403 [ADB] Running '/Users/balaji/Library/Android/sdk/platform-tools/adb -P 5037 -s emulator-5554 shell pgrep -f \(\[\[:blank:\]\]\|\^\)io\.appium\.settings\(\[\[:blank:\]\]\|\$\)'
2023-06-16 05:37:41:470 [AndroidDriver] io.appium.settings is already running. There is no need to reset its permissions.
2023-06-16 05:37:41:471 [Logcat] Starting logs capture with command: /Users/balaji/Library/Android/sdk/platform-tools/adb -P 5037 -s emulator-5554 logcat -v threadtime
2023-06-16 05:37:41:530 [UiAutomator2] Forwarding UiAutomator2 Server port 6790 to local port 8200
2023-06-16 05:37:41:531 [ADB] Forwarding system: 8200 to device: 6790
2023-06-16 05:37:41:532 [ADB] Running '/Users/balaji/Library/Android/sdk/platform-tools/adb -P 5037 -s emulator-5554 forward tcp:8200 tcp:6790'
2023-06-16 05:37:41:571 [ADB] Getting install status for io.appium.uiautomator2.server
2023-06-16 05:37:41:571 [ADB] Running '/Users/balaji/Library/Android/sdk/platform-tools/adb -P 5037 -s emulator-5554 shell dumpsys package io.appium.uiautomator2.server'
2023-06-16 05:37:41:651 [ADB] 'io.appium.uiautomator2.server' is installed
2023-06-16 05:37:41:652 [ADB] Getting package info for 'io.appium.uiautomator2.server'
2023-06-16 05:37:41:652 [ADB] Running '/Users/balaji/Library/Android/sdk/platform-tools/adb -P 5037 -s emulator-5554 shell dumpsys package io.appium.uiautomator2.server'
2023-06-16 05:37:42:000 [ADB] The version name of the installed 'io.appium.uiautomator2.server' is greater or equal to the application version name ('4.27.0' >= '4.27.0')
2023-06-16 05:37:42:000 [UiAutomator2] io.appium.uiautomator2.server installation state: sameVersionInstalled
2023-06-16 05:37:42:000 [ADB] Checking app cert for /usr/local/lib/node_modules/appium/node_modules/appium-uiautomator2-server/apks/appium-uiautomator2-server-v4.27.0.apk
2023-06-16 05:37:42:050 [ADB] Using 'apksigner.jar' from '/Users/balaji/Library/Android/sdk/build-tools/34.0.0/lib/apksigner.jar'
2023-06-16 05:37:42:057 [ADB] Starting apksigner: /usr/bin/java -Xmx1024M -Xss1m -jar /Users/balaji/Library/Android/sdk/build-tools/34.0.0/lib/apksigner.jar verify --print-certs /usr/local/lib/node_modules/appium/node_modules/appium-uiautomator2-server/apks/appium-uiautomator2-server-v4.27.0.apk
2023-06-16 05:37:43:250 [ADB] apksigner stdout: Signer #1 certificate DN: EMAILADDRESS=android@android.com, CN=Android, OU=Android, O=Android, L=Mountain View, ST=California, C=US
2023-06-16 05:37:43:250 [ADB] Signer #1 certificate SHA-256 digest: a40da80a59d170caa950cf15c18c454d47a39b26989d8b640ecd745ba71bf5dc
2023-06-16 05:37:43:250 [ADB] Signer #1 certificate SHA-1 digest: 61ed377e85d386a8dfee6b864bd85b0bfaa5af81
2023-06-16 05:37:43:250 [ADB] Signer #1 certificate MD5 digest: e89b158e4bcf988ebd09eb83f5378e87
2023-06-16 05:37:43:250 [ADB] 
2023-06-16 05:37:43:250 [ADB] sha256 hash did match for 'appium-uiautomator2-server-v4.27.0.apk'
2023-06-16 05:37:43:250 [ADB] '/usr/local/lib/node_modules/appium/node_modules/appium-uiautomator2-server/apks/appium-uiautomator2-server-v4.27.0.apk' is signed with the default certificate
2023-06-16 05:37:43:250 [ADB] Getting install status for io.appium.uiautomator2.server.test
2023-06-16 05:37:43:251 [ADB] Running '/Users/balaji/Library/Android/sdk/platform-tools/adb -P 5037 -s emulator-5554 shell dumpsys package io.appium.uiautomator2.server.test'
2023-06-16 05:37:43:323 [ADB] 'io.appium.uiautomator2.server.test' is installed
2023-06-16 05:37:43:323 [ADB] Checking app cert for /usr/local/lib/node_modules/appium/node_modules/appium-uiautomator2-server/apks/appium-uiautomator2-server-debug-androidTest.apk
2023-06-16 05:37:43:328 [ADB] Starting apksigner: /usr/bin/java -Xmx1024M -Xss1m -jar /Users/balaji/Library/Android/sdk/build-tools/34.0.0/lib/apksigner.jar verify --print-certs /usr/local/lib/node_modules/appium/node_modules/appium-uiautomator2-server/apks/appium-uiautomator2-server-debug-androidTest.apk
2023-06-16 05:37:43:725 [ADB] apksigner stdout: Signer #1 certificate DN: EMAILADDRESS=android@android.com, CN=Android, OU=Android, O=Android, L=Mountain View, ST=California, C=US
2023-06-16 05:37:43:725 [ADB] Signer #1 certificate SHA-256 digest: a40da80a59d170caa950cf15c18c454d47a39b26989d8b640ecd745ba71bf5dc
2023-06-16 05:37:43:725 [ADB] Signer #1 certificate SHA-1 digest: 61ed377e85d386a8dfee6b864bd85b0bfaa5af81
2023-06-16 05:37:43:725 [ADB] Signer #1 certificate MD5 digest: e89b158e4bcf988ebd09eb83f5378e87
2023-06-16 05:37:43:725 [ADB] 
2023-06-16 05:37:43:726 [ADB] sha256 hash did match for 'appium-uiautomator2-server-debug-androidTest.apk'
2023-06-16 05:37:43:726 [ADB] '/usr/local/lib/node_modules/appium/node_modules/appium-uiautomator2-server/apks/appium-uiautomator2-server-debug-androidTest.apk' is signed with the default certificate
2023-06-16 05:37:43:726 [UiAutomator2] Server packages are not going to be (re)installed
2023-06-16 05:37:43:728 [UiAutomator2] Waiting up to 30000ms for services to be available
2023-06-16 05:37:43:728 [ADB] Running '/Users/balaji/Library/Android/sdk/platform-tools/adb -P 5037 -s emulator-5554 shell pm list instrumentation'
2023-06-16 05:37:43:787 [UiAutomator2] Instrumentation target 'io.appium.uiautomator2.server.test/androidx.test.runner.AndroidJUnitRunner' is available
2023-06-16 05:37:43:789 [ADB] Adding packages ["io.appium.settings","io.appium.uiautomator2.server","io.appium.uiautomator2.server.test"] to Doze whitelist
2023-06-16 05:37:43:790 [ADB] Got the following command chunks to execute: [["dumpsys","deviceidle","whitelist","+io.appium.settings",";","dumpsys","deviceidle","whitelist","+io.appium.uiautomator2.server",";","dumpsys","deviceidle","whitelist","+io.appium.uiautomator2.server.test",";"]]
2023-06-16 05:37:43:790 [ADB] Running '/Users/balaji/Library/Android/sdk/platform-tools/adb -P 5037 -s emulator-5554 shell dumpsys deviceidle whitelist +io.appium.settings ; dumpsys deviceidle whitelist +io.appium.uiautomator2.server ; dumpsys deviceidle whitelist +io.appium.uiautomator2.server.test ;'
2023-06-16 05:37:43:880 [ADB] Checking app cert for /Users/balaji/Documents/Company/Brillio June 2023 Mac/appium_workspace/MobileFramework/apps/khan-academy-7-3-2.apk
2023-06-16 05:37:44:030 [ADB] Starting apksigner: /usr/bin/java -Xmx1024M -Xss1m -jar /Users/balaji/Library/Android/sdk/build-tools/34.0.0/lib/apksigner.jar verify --print-certs '/Users/balaji/Documents/Company/Brillio June 2023 Mac/appium_workspace/MobileFramework/apps/khan-academy-7-3-2.apk'
2023-06-16 05:37:46:126 [ADB] apksigner stdout: Signer #1 certificate DN: CN=Nacho Soto, OU=Mobile, O=Khan Academy, L=Mountain View, ST=CA, C=US
2023-06-16 05:37:46:126 [ADB] Signer #1 certificate SHA-256 digest: effcfe21106012617bd63deb9dfdb8354d1d574d1d67c5664a5d02e669b24ecb
2023-06-16 05:37:46:126 [ADB] Signer #1 certificate SHA-1 digest: fcd024fd95aadcbd275abd7d42775f3977621522
2023-06-16 05:37:46:126 [ADB] Signer #1 certificate MD5 digest: d1c2300d87bc53086beb404be726199a
2023-06-16 05:37:46:126 [ADB] Source Stamp Signer certificate DN: CN=Android, OU=Android, O=Google Inc., L=Mountain View, ST=California, C=US
2023-06-16 05:37:46:126 [ADB] Source Stamp Signer certificate SHA-256 digest: 3257d599a49d2c961a471ca9843f59d341a405884583fc087df4237b733bbd6d
2023-06-16 05:37:46:126 [ADB] Source Stamp Signer certificate SHA-1 digest: b1af3a0bf998aeede1a8716a539e5a59da1d86d6
2023-06-16 05:37:46:126 [ADB] Source Stamp Signer certificate MD5 digest: 577b8a9fbc7e308321aec6411169d2fb
2023-06-16 05:37:46:126 [ADB] 
2023-06-16 05:37:46:126 [ADB] '/Users/balaji/Documents/Company/Brillio June 2023 Mac/appium_workspace/MobileFramework/apps/khan-academy-7-3-2.apk' is signed with a non-default certificate
2023-06-16 05:37:46:127 [ADB] Getting install status for org.khanacademy.android
2023-06-16 05:37:46:127 [ADB] Running '/Users/balaji/Library/Android/sdk/platform-tools/adb -P 5037 -s emulator-5554 shell dumpsys package org.khanacademy.android'
2023-06-16 05:37:46:202 [ADB] 'org.khanacademy.android' is installed
2023-06-16 05:37:46:202 [ADB] Getting package info for 'org.khanacademy.android'
2023-06-16 05:37:46:203 [ADB] Running '/Users/balaji/Library/Android/sdk/platform-tools/adb -P 5037 -s emulator-5554 shell dumpsys package org.khanacademy.android'
2023-06-16 05:37:46:281 [ADB] The version name of the installed 'org.khanacademy.android' is greater or equal to the application version name ('7.3.2' >= '7.3.2')
2023-06-16 05:37:46:281 [ADB] There is no need to install/upgrade '/Users/balaji/Documents/Company/Brillio June 2023 Mac/appium_workspace/MobileFramework/apps/khan-academy-7-3-2.apk'
2023-06-16 05:37:46:282 [AndroidDriver] Performing fast reset on 'org.khanacademy.android'
2023-06-16 05:37:46:282 [ADB] Getting install status for org.khanacademy.android
2023-06-16 05:37:46:282 [ADB] Running '/Users/balaji/Library/Android/sdk/platform-tools/adb -P 5037 -s emulator-5554 shell dumpsys package org.khanacademy.android'
2023-06-16 05:37:46:357 [ADB] 'org.khanacademy.android' is installed
2023-06-16 05:37:46:357 [ADB] Running '/Users/balaji/Library/Android/sdk/platform-tools/adb -P 5037 -s emulator-5554 shell am force-stop org.khanacademy.android'
2023-06-16 05:37:46:424 [ADB] Running '/Users/balaji/Library/Android/sdk/platform-tools/adb -P 5037 -s emulator-5554 shell pm clear org.khanacademy.android'
2023-06-16 05:37:46:598 [AndroidDriver] Performed fast reset on the installed 'org.khanacademy.android' application (stop and clear)
2023-06-16 05:37:46:599 [UiAutomator2] Performing shallow cleanup of automation leftovers
2023-06-16 05:37:46:627 [UiAutomator2] No obsolete sessions have been detected (socket hang up)
2023-06-16 05:37:46:627 [ADB] Running '/Users/balaji/Library/Android/sdk/platform-tools/adb -P 5037 -s emulator-5554 shell am force-stop io.appium.uiautomator2.server.test'
2023-06-16 05:37:46:756 [UiAutomator2] Starting UIAutomator2 server 4.27.0
2023-06-16 05:37:46:756 [UiAutomator2] Using UIAutomator2 server from '/usr/local/lib/node_modules/appium/node_modules/appium-uiautomator2-server/apks/appium-uiautomator2-server-v4.27.0.apk' and test from '/usr/local/lib/node_modules/appium/node_modules/appium-uiautomator2-server/apks/appium-uiautomator2-server-debug-androidTest.apk'
2023-06-16 05:37:46:756 [UiAutomator2] Waiting up to 30000ms for UiAutomator2 to be online...
2023-06-16 05:37:46:757 [ADB] Creating ADB subprocess with args: ["-P",5037,"-s","emulator-5554","shell","am","instrument","-w","-e","disableAnalytics",true,"io.appium.uiautomator2.server.test/androidx.test.runner.AndroidJUnitRunner"]
2023-06-16 05:37:46:760 [WD Proxy] Matched '/status' to command name 'getStatus'
2023-06-16 05:37:46:761 [WD Proxy] Proxying [GET /status] to [GET http://127.0.0.1:8200/wd/hub/status] with no body
2023-06-16 05:37:46:770 [WD Proxy] socket hang up
2023-06-16 05:37:47:771 [WD Proxy] Matched '/status' to command name 'getStatus'
2023-06-16 05:37:47:772 [WD Proxy] Proxying [GET /status] to [GET http://127.0.0.1:8200/wd/hub/status] with no body
2023-06-16 05:37:47:779 [WD Proxy] socket hang up
2023-06-16 05:37:47:981 [Instrumentation] io.appium.uiautomator2.server.test.AppiumUiAutomator2Server:
2023-06-16 05:37:48:781 [WD Proxy] Matched '/status' to command name 'getStatus'
2023-06-16 05:37:48:781 [WD Proxy] Proxying [GET /status] to [GET http://127.0.0.1:8200/wd/hub/status] with no body
2023-06-16 05:37:48:789 [WD Proxy] socket hang up
2023-06-16 05:37:49:791 [WD Proxy] Matched '/status' to command name 'getStatus'
2023-06-16 05:37:49:791 [WD Proxy] Proxying [GET /status] to [GET http://127.0.0.1:8200/wd/hub/status] with no body
2023-06-16 05:37:49:842 [WD Proxy] Got response with status 200: {"sessionId":"None","value":{"message":"UiAutomator2 Server is ready to accept commands","ready":true}}
2023-06-16 05:37:49:842 [UiAutomator2] The initialization of the instrumentation process took 3086ms
2023-06-16 05:37:49:843 [WD Proxy] Matched '/session' to command name 'createSession'
2023-06-16 05:37:49:843 [WD Proxy] Proxying [POST /session] to [POST http://127.0.0.1:8200/wd/hub/session] with body: {"capabilities":{"firstMatch":[{"platform":"LINUX","webStorageEnabled":false,"takesScreenshot":true,"javascriptEnabled":true,"databaseEnabled":false,"networkConnectionEnabled":true,"locationContextEnabled":false,"warnings":{},"desired":{"platformName":"ANDROID","app":"/Users/balaji/Documents/Company/Brillio June 2023 Mac/appium_workspace/MobileFramework/apps/khan-academy-7-3-2.apk","autoLaunch":false,"deviceName":"redmi"},"platformName":"ANDROID","app":"/Users/balaji/Documents/Company/Brillio June 2023 Mac/appium_workspace/MobileFramework/apps/khan-academy-7-3-2.apk","autoLaunch":false,"deviceName":"emulator-5554","deviceUDID":"emulator-5554","appPackage":"org.khanacademy.android"}],"alwaysMatch":{}}}
2023-06-16 05:37:49:869 [WD Proxy] Got response with status 200: {"sessionId":"23383a32-2090-408c-819b-66c4c30fef39","value":{"capabilities":{"firstMatch":[{"platform":"LINUX","webStorageEnabled":false,"takesScreenshot":true,"javascriptEnabled":true,"databaseEnabled":false,"networkConnectionEnabled":true,"locationContextEnabled":false,"warnings":{},"desired":{"platformName":"ANDROID","app":"/Users/balaji/Documents/Company/Brillio June 2023 Mac/appium_workspace/MobileFramework/apps/khan-academy-7-3-2.apk","autoLaunch":false,"deviceName":"redmi"},"platformName":"ANDROID","app":"/Users/balaji/Documents/Company/Brillio June 2023 Mac/appium_workspace/MobileFramework/apps/khan-academy-7-3-2.apk","autoLaunch":false,"deviceName":"emulator-5554","deviceUDID":"emulator-5554","appPackage":"org.khanacademy.android"}],"alwaysMatch":{}},"sessionId":"23383a32-2090-408c-819b-66c4c30fef39"}}
2023-06-16 05:37:49:869 [WD Proxy] Determined the downstream protocol as 'W3C'
2023-06-16 05:37:49:883 [WD Proxy] Proxying [GET /appium/device/info] to [GET http://127.0.0.1:8200/wd/hub/session/23383a32-2090-408c-819b-66c4c30fef39/appium/device/info] with no body
2023-06-16 05:37:49:922 [WD Proxy] Got response with status 200: {"sessionId":"23383a32-2090-408c-819b-66c4c30fef39","value":{"androidId":"aad8aff92c870936","apiVersion":"33","bluetooth":{"state":"ON"},"brand":"google","carrierName":"T-Mobile","displayDensity":440,"locale":"en_US","manufacturer":"Google","model":"sdk_gphone64_x86_64","networks":[{"capabilities":{"SSID":null,"linkDownBandwidthKbps":4300,"linkUpstreamBandwidthKbps":1800,"networkCapabilities":"NET_CAPABILITY_MMS,NET_CAPABILITY_SUPL,NET_CAPABILITY_DUN,NET_CAPABILITY_FOTA,NET_CAPABILITY_IMS,NET_CAPABILITY_CBS,NET_CAPABILITY_INTERNET,NET_CAPABILITY_NOT_RESTRICTED,NET_CAPABILITY_TRUSTED,NET_CAPABILITY_NOT_VPN,NET_CAPABILITY_VALIDATED,NET_CAPABILITY_NOT_ROAMING,NET_CAPABILITY_NOT_CONGESTED,NET_CAPABILITY_NOT_SUSPENDED","signalStrength":-2147483648,"transportTypes":"TRANSPORT_CELLULAR"},"detailedState":"CONNECTED","extraInfo":"epc.tmobile.com","isAvailable":true,"isConnected":true,"isFailover":false,"isRoaming":false,"state":"CONNECTED","subtype":2,"subtypeName":"EDGE","type":0,"typeName":"MOBILE"},{"capabilitie...
2023-06-16 05:37:49:923 [ADB] Running '/Users/balaji/Library/Android/sdk/platform-tools/adb -P 5037 -s emulator-5554 shell dumpsys window'
2023-06-16 05:37:50:018 [AndroidDriver] Screen already unlocked, doing nothing
2023-06-16 05:37:50:019 [WD Proxy] Proxying [GET /appium/device/pixel_ratio] to [GET http://127.0.0.1:8200/wd/hub/session/23383a32-2090-408c-819b-66c4c30fef39/appium/device/pixel_ratio] with no body
2023-06-16 05:37:50:027 [WD Proxy] Got response with status 200: {"sessionId":"23383a32-2090-408c-819b-66c4c30fef39","value":2.75}
2023-06-16 05:37:50:028 [WD Proxy] Matched '/appium/device/system_bars' to command name 'getSystemBars'
2023-06-16 05:37:50:029 [WD Proxy] Proxying [GET /appium/device/system_bars] to [GET http://127.0.0.1:8200/wd/hub/session/23383a32-2090-408c-819b-66c4c30fef39/appium/device/system_bars] with no body
2023-06-16 05:37:50:038 [WD Proxy] Got response with status 200: {"sessionId":"23383a32-2090-408c-819b-66c4c30fef39","value":{"statusBar":83}}
2023-06-16 05:37:50:039 [WD Proxy] Matched '/window/current/size' to command name 'getWindowSize'
2023-06-16 05:37:50:039 [WD Proxy] Proxying [GET /window/current/size] to [GET http://127.0.0.1:8200/wd/hub/session/23383a32-2090-408c-819b-66c4c30fef39/window/current/size] with no body
2023-06-16 05:37:50:049 [WD Proxy] Got response with status 200: {"sessionId":"23383a32-2090-408c-819b-66c4c30fef39","value":{"height":2214,"width":1080}}
2023-06-16 05:37:50:049 [Appium] New AndroidUiautomator2Driver session created successfully, session 082ed66c-0940-4742-932b-a42378129f66 added to master session list
2023-06-16 05:37:50:050 [BaseDriver] Event 'newSessionStarted' logged at 1686893870049 (11:07:50 GMT+0530 (India Standard Time))
2023-06-16 05:37:50:050 [W3C (082ed66c)] Cached the protocol value 'W3C' for the new session 082ed66c-0940-4742-932b-a42378129f66
2023-06-16 05:37:50:050 [W3C (082ed66c)] Responding to client with driver.createSession() result: {"capabilities":{"platform":"LINUX","webStorageEnabled":false,"takesScreenshot":true,"javascriptEnabled":true,"databaseEnabled":false,"networkConnectionEnabled":true,"locationContextEnabled":false,"warnings":{},"desired":{"platformName":"ANDROID","app":"/Users/balaji/Documents/Company/Brillio June 2023 Mac/appium_workspace/MobileFramework/apps/khan-academy-7-3-2.apk","autoLaunch":false,"deviceName":"redmi"},"platformName":"ANDROID","app":"/Users/balaji/Documents/Company/Brillio June 2023 Mac/appium_workspace/MobileFramework/apps/khan-academy-7-3-2.apk","autoLaunch":false,"deviceName":"emulator-5554","deviceUDID":"emulator-5554","appPackage":"org.khanacademy.android","deviceApiLevel":33,"platformVersion":"13","deviceScreenSize":"1080x2280","deviceScreenDensity":440,"deviceModel":"sdk_gphone64_x86_64","deviceManufacturer":"Google","pixelRatio":2.75,"statBarHeight":83,"viewportRect":{"left":0,"top":83,"width":1080,"height":2131}}}
2023-06-16 05:37:50:052 [HTTP] <-- POST /wd/hub/session 200 9540 ms - 1002
2023-06-16 05:37:50:052 [HTTP] 
2023-06-16 05:37:50:060 [HTTP] --> POST /wd/hub/session/082ed66c-0940-4742-932b-a42378129f66/timeouts
2023-06-16 05:37:50:060 [HTTP] {"implicit":30000}
2023-06-16 05:37:50:062 [W3C (082ed66c)] Calling AppiumDriver.timeouts() with args: [null,null,null,null,30000,"082ed66c-0940-4742-932b-a42378129f66"]
2023-06-16 05:37:50:063 [BaseDriver] W3C timeout argument: {"implicit":30000}}
2023-06-16 05:37:50:063 [BaseDriver] Set implicit wait to 30000ms
2023-06-16 05:37:50:064 [W3C (082ed66c)] Responding to client with driver.timeouts() result: null
2023-06-16 05:37:50:065 [HTTP] <-- POST /wd/hub/session/082ed66c-0940-4742-932b-a42378129f66/timeouts 200 5 ms - 14
2023-06-16 05:37:50:065 [HTTP] 
2023-06-16 05:37:50:071 [HTTP] --> POST /wd/hub/session/082ed66c-0940-4742-932b-a42378129f66/execute/sync
2023-06-16 05:37:50:071 [HTTP] {"script":"mobile: activateApp","args":[{"bundleId":"org.khanacademy.android","appId":"org.khanacademy.android"}]}
2023-06-16 05:37:50:081 [W3C (082ed66c)] Calling AppiumDriver.execute() with args: ["mobile: activateApp",[{"bundleId":"org.khanacademy.android","appId":"org.khanacademy.android"}],"082ed66c-0940-4742-932b-a42378129f66"]
2023-06-16 05:37:50:081 [AndroidDriver] Executing native command 'mobile: activateApp'
2023-06-16 05:37:50:121 [W3C (082ed66c)] Encountered internal error running command: UnknownCommandError: Unknown mobile command "activateApp". Only shell,execEmuConsoleCommand,dragGesture,flingGesture,doubleClickGesture,longClickGesture,pinchCloseGesture,pinchOpenGesture,swipeGesture,scrollGesture,scrollBackTo,scroll,viewportScreenshot,viewportRect,deepLink,startLogsBroadcast,stopLogsBroadcast,acceptAlert,dismissAlert,batteryInfo,deviceInfo,getDeviceTime,changePermissions,getPermissions,performEditorAction,startScreenStreaming,stopScreenStreaming,getNotifications,listSms,type,sensorSet,deleteFile,clearApp,startActivity,startService,stopService,broadcast,getContexts,installMultipleApks,unlock commands are supported.
2023-06-16 05:37:50:121 [W3C (082ed66c)]     at AndroidUiautomator2Driver.executeMobile (/usr/local/lib/node_modules/appium/node_modules/appium-uiautomator2-driver/lib/commands/general.js:175:11)
2023-06-16 05:37:50:121 [W3C (082ed66c)]     at AndroidUiautomator2Driver.execute (/usr/local/lib/node_modules/appium/node_modules/appium-android-driver/lib/commands/execute.js:11:23)
2023-06-16 05:37:50:121 [W3C (082ed66c)]     at commandExecutor (/usr/local/lib/node_modules/appium/node_modules/appium-base-driver/lib/basedriver/driver.js:335:9)
2023-06-16 05:37:50:121 [W3C (082ed66c)]     at /usr/local/lib/node_modules/appium/node_modules/async-lock/lib/index.js:146:12
2023-06-16 05:37:50:122 [W3C (082ed66c)]     at AsyncLock._promiseTry (/usr/local/lib/node_modules/appium/node_modules/async-lock/lib/index.js:280:31)
2023-06-16 05:37:50:122 [W3C (082ed66c)]     at exec (/usr/local/lib/node_modules/appium/node_modules/async-lock/lib/index.js:145:9)
2023-06-16 05:37:50:122 [W3C (082ed66c)]     at AsyncLock.acquire (/usr/local/lib/node_modules/appium/node_modules/async-lock/lib/index.js:162:3)
2023-06-16 05:37:50:122 [W3C (082ed66c)]     at AndroidUiautomator2Driver.executeCommand (/usr/local/lib/node_modules/appium/node_modules/appium-base-driver/lib/basedriver/driver.js:348:39)
2023-06-16 05:37:50:122 [W3C (082ed66c)]     at AppiumDriver.executeCommand (/usr/local/lib/node_modules/appium/lib/appium.js:563:36)
2023-06-16 05:37:50:122 [W3C (082ed66c)]     at processTicksAndRejections (node:internal/process/task_queues:95:5)
2023-06-16 05:37:50:122 [W3C (082ed66c)]     at asyncHandler (/usr/local/lib/node_modules/appium/node_modules/appium-base-driver/lib/protocol/protocol.js:297:21)
2023-06-16 05:37:50:123 [HTTP] <-- POST /wd/hub/session/082ed66c-0940-4742-932b-a42378129f66/execute/sync 404 51 ms - 2591
2023-06-16 05:37:50:123 [HTTP] 
2023-06-16 05:37:50:133 [HTTP] --> POST /wd/hub/session/082ed66c-0940-4742-932b-a42378129f66/appium/device/activate_app
2023-06-16 05:37:50:134 [HTTP] {"bundleId":"org.khanacademy.android"}
2023-06-16 05:37:50:141 [W3C (082ed66c)] Calling AppiumDriver.activateApp() with args: ["org.khanacademy.android",null,null,null,"082ed66c-0940-4742-932b-a42378129f66"]
2023-06-16 05:37:50:142 [AndroidDriver] Activating 'org.khanacademy.android' with 'adb shell monkey -p org.khanacademy.android -c android.intent.category.LAUNCHER 1' command
2023-06-16 05:37:50:142 [ADB] Running '/Users/balaji/Library/Android/sdk/platform-tools/adb -P 5037 -s emulator-5554 shell monkey -p org.khanacademy.android -c android.intent.category.LAUNCHER 1'
2023-06-16 05:37:50:676 [AndroidDriver] Command stdout: bash arg: -p
2023-06-16 05:37:50:676 [AndroidDriver]   bash arg: org.khanacademy.android
2023-06-16 05:37:50:676 [AndroidDriver]   bash arg: -c
2023-06-16 05:37:50:676 [AndroidDriver]   bash arg: android.intent.category.LAUNCHER
2023-06-16 05:37:50:676 [AndroidDriver]   bash arg: 1
2023-06-16 05:37:50:676 [AndroidDriver] Events injected: 1
2023-06-16 05:37:50:676 [AndroidDriver] ## Network stats: elapsed time=38ms (0ms mobile, 0ms wifi, 38ms not connected)
2023-06-16 05:37:50:677 [W3C (082ed66c)] Responding to client with driver.activateApp() result: null
2023-06-16 05:37:50:678 [HTTP] <-- POST /wd/hub/session/082ed66c-0940-4742-932b-a42378129f66/appium/device/activate_app 200 544 ms - 14
2023-06-16 05:37:50:678 [HTTP] 
2023-06-16 05:37:50:686 [HTTP] --> POST /wd/hub/session/082ed66c-0940-4742-932b-a42378129f66/elements
2023-06-16 05:37:50:687 [HTTP] {"using":"xpath","value":"//*[@text='Allow']"}
2023-06-16 05:37:50:687 [W3C (082ed66c)] Calling AppiumDriver.findElements() with args: ["xpath","//*[@text='Allow']","082ed66c-0940-4742-932b-a42378129f66"]
2023-06-16 05:37:50:688 [BaseDriver] Valid locator strategies for this request: xpath, id, class name, accessibility id, css selector, -android uiautomator
2023-06-16 05:37:50:688 [BaseDriver] Waiting up to 30000 ms for condition
2023-06-16 05:37:50:690 [WD Proxy] Matched '/elements' to command name 'findElements'
2023-06-16 05:37:50:690 [WD Proxy] Proxying [POST /elements] to [POST http://127.0.0.1:8200/wd/hub/session/23383a32-2090-408c-819b-66c4c30fef39/elements] with body: {"strategy":"xpath","selector":"//*[@text='Allow']","context":"","multiple":true}
2023-06-16 05:37:52:561 [WD Proxy] Got response with status 200: {"sessionId":"23383a32-2090-408c-819b-66c4c30fef39","value":[{"ELEMENT":"00000000-0000-008a-ffff-ffff0000004c","element-6066-11e4-a52e-4f735466cecf":"00000000-0000-008a-ffff-ffff0000004c"}]}
2023-06-16 05:37:52:562 [W3C (082ed66c)] Responding to client with driver.findElements() result: [{"element-6066-11e4-a52e-4f735466cecf":"00000000-0000-008a-ffff-ffff0000004c","ELEMENT":"00000000-0000-008a-ffff-ffff0000004c"}]
2023-06-16 05:37:52:562 [HTTP] <-- POST /wd/hub/session/082ed66c-0940-4742-932b-a42378129f66/elements 200 1876 ms - 139
2023-06-16 05:37:52:563 [HTTP] 
2023-06-16 05:37:52:569 [HTTP] --> POST /wd/hub/session/082ed66c-0940-4742-932b-a42378129f66/element
2023-06-16 05:37:52:569 [HTTP] {"using":"xpath","value":"//*[@text='Allow']"}
2023-06-16 05:37:52:570 [W3C (082ed66c)] Calling AppiumDriver.findElement() with args: ["xpath","//*[@text='Allow']","082ed66c-0940-4742-932b-a42378129f66"]
2023-06-16 05:37:52:571 [BaseDriver] Valid locator strategies for this request: xpath, id, class name, accessibility id, css selector, -android uiautomator
2023-06-16 05:37:52:571 [BaseDriver] Waiting up to 30000 ms for condition
2023-06-16 05:37:52:571 [WD Proxy] Matched '/element' to command name 'findElement'
2023-06-16 05:37:52:572 [WD Proxy] Proxying [POST /element] to [POST http://127.0.0.1:8200/wd/hub/session/23383a32-2090-408c-819b-66c4c30fef39/element] with body: {"strategy":"xpath","selector":"//*[@text='Allow']","context":"","multiple":false}
2023-06-16 05:37:52:990 [WD Proxy] Got response with status 200: {"sessionId":"23383a32-2090-408c-819b-66c4c30fef39","value":{"ELEMENT":"00000000-0000-008a-ffff-ffff0000004c","element-6066-11e4-a52e-4f735466cecf":"00000000-0000-008a-ffff-ffff0000004c"}}
2023-06-16 05:37:52:990 [W3C (082ed66c)] Responding to client with driver.findElement() result: {"element-6066-11e4-a52e-4f735466cecf":"00000000-0000-008a-ffff-ffff0000004c","ELEMENT":"00000000-0000-008a-ffff-ffff0000004c"}
2023-06-16 05:37:52:991 [HTTP] <-- POST /wd/hub/session/082ed66c-0940-4742-932b-a42378129f66/element 200 421 ms - 137
2023-06-16 05:37:52:991 [HTTP] 
2023-06-16 05:37:52:998 [HTTP] --> POST /wd/hub/session/082ed66c-0940-4742-932b-a42378129f66/element/00000000-0000-008a-ffff-ffff0000004c/click
2023-06-16 05:37:52:998 [HTTP] {"id":"00000000-0000-008a-ffff-ffff0000004c"}
2023-06-16 05:37:52:998 [W3C (082ed66c)] Calling AppiumDriver.click() with args: ["00000000-0000-008a-ffff-ffff0000004c","082ed66c-0940-4742-932b-a42378129f66"]
2023-06-16 05:37:52:999 [WD Proxy] Matched '/element/00000000-0000-008a-ffff-ffff0000004c/click' to command name 'click'
2023-06-16 05:37:52:999 [WD Proxy] Proxying [POST /element/00000000-0000-008a-ffff-ffff0000004c/click] to [POST http://127.0.0.1:8200/wd/hub/session/23383a32-2090-408c-819b-66c4c30fef39/element/00000000-0000-008a-ffff-ffff0000004c/click] with body: {"element":"00000000-0000-008a-ffff-ffff0000004c"}
2023-06-16 05:37:53:491 [WD Proxy] Got response with status 200: {"sessionId":"23383a32-2090-408c-819b-66c4c30fef39","value":null}
2023-06-16 05:37:53:492 [W3C (082ed66c)] Responding to client with driver.click() result: null
2023-06-16 05:37:53:493 [HTTP] <-- POST /wd/hub/session/082ed66c-0940-4742-932b-a42378129f66/element/00000000-0000-008a-ffff-ffff0000004c/click 200 494 ms - 14
2023-06-16 05:37:53:493 [HTTP] 
2023-06-16 05:37:53:502 [HTTP] --> POST /wd/hub/session/082ed66c-0940-4742-932b-a42378129f66/element
2023-06-16 05:37:53:502 [HTTP] {"using":"xpath","value":"//android.widget.TextView[@text='Dismiss']"}
2023-06-16 05:37:53:502 [W3C (082ed66c)] Calling AppiumDriver.findElement() with args: ["xpath","//android.widget.TextView[@text='Dismiss']","082ed66c-0940-4742-932b-a42378129f66"]
2023-06-16 05:37:53:503 [BaseDriver] Valid locator strategies for this request: xpath, id, class name, accessibility id, css selector, -android uiautomator
2023-06-16 05:37:53:503 [BaseDriver] Waiting up to 30000 ms for condition
2023-06-16 05:37:53:504 [WD Proxy] Matched '/element' to command name 'findElement'
2023-06-16 05:37:53:504 [WD Proxy] Proxying [POST /element] to [POST http://127.0.0.1:8200/wd/hub/session/23383a32-2090-408c-819b-66c4c30fef39/element] with body: {"strategy":"xpath","selector":"//android.widget.TextView[@text='Dismiss']","context":"","multiple":false}
2023-06-16 05:37:53:777 [WD Proxy] Got response with status 404: {"sessionId":"23383a32-2090-408c-819b-66c4c30fef39","value":{"error":"no such element","message":"An element could not be located on the page using the given search parameters","stacktrace":"io.appium.uiautomator2.common.exceptions.ElementNotFoundException: An element could not be located on the page using the given search parameters\n\tat io.appium.uiautomator2.handler.FindElement.findElement(FindElement.java:90)\n\tat io.appium.uiautomator2.handler.FindElement.safeHandle(FindElement.java:67)\n\tat io.appium.uiautomator2.handler.request.SafeRequestHandler.handle(SafeRequestHandler.java:59)\n\tat io.appium.uiautomator2.server.AppiumServlet.handleRequest(AppiumServlet.java:266)\n\tat io.appium.uiautomator2.server.AppiumServlet.handleHttpRequest(AppiumServlet.java:260)\n\tat io.appium.uiautomator2.http.ServerHandler.channelRead(ServerHandler.java:68)\n\tat io.netty.channel.AbstractChannelHandlerContext.invokeChannelRead(AbstractChannelHandlerContext.java:366)\n\tat io.netty.channel.AbstractChannelHandlerCont...
2023-06-16 05:37:53:778 [W3C] Matched W3C error code 'no such element' to NoSuchElementError
2023-06-16 05:37:53:778 [BaseDriver] Waited for 274 ms so far
2023-06-16 05:37:54:279 [WD Proxy] Matched '/element' to command name 'findElement'
2023-06-16 05:37:54:280 [WD Proxy] Proxying [POST /element] to [POST http://127.0.0.1:8200/wd/hub/session/23383a32-2090-408c-819b-66c4c30fef39/element] with body: {"strategy":"xpath","selector":"//android.widget.TextView[@text='Dismiss']","context":"","multiple":false}
2023-06-16 05:37:54:396 [WD Proxy] Got response with status 404: {"sessionId":"23383a32-2090-408c-819b-66c4c30fef39","value":{"error":"no such element","message":"An element could not be located on the page using the given search parameters","stacktrace":"io.appium.uiautomator2.common.exceptions.ElementNotFoundException: An element could not be located on the page using the given search parameters\n\tat io.appium.uiautomator2.handler.FindElement.findElement(FindElement.java:90)\n\tat io.appium.uiautomator2.handler.FindElement.safeHandle(FindElement.java:67)\n\tat io.appium.uiautomator2.handler.request.SafeRequestHandler.handle(SafeRequestHandler.java:59)\n\tat io.appium.uiautomator2.server.AppiumServlet.handleRequest(AppiumServlet.java:266)\n\tat io.appium.uiautomator2.server.AppiumServlet.handleHttpRequest(AppiumServlet.java:260)\n\tat io.appium.uiautomator2.http.ServerHandler.channelRead(ServerHandler.java:68)\n\tat io.netty.channel.AbstractChannelHandlerContext.invokeChannelRead(AbstractChannelHandlerContext.java:366)\n\tat io.netty.channel.AbstractChannelHandlerCont...
2023-06-16 05:37:54:397 [W3C] Matched W3C error code 'no such element' to NoSuchElementError
2023-06-16 05:37:54:397 [BaseDriver] Waited for 893 ms so far
2023-06-16 05:37:54:897 [WD Proxy] Matched '/element' to command name 'findElement'
2023-06-16 05:37:54:897 [WD Proxy] Proxying [POST /element] to [POST http://127.0.0.1:8200/wd/hub/session/23383a32-2090-408c-819b-66c4c30fef39/element] with body: {"strategy":"xpath","selector":"//android.widget.TextView[@text='Dismiss']","context":"","multiple":false}
2023-06-16 05:37:54:996 [WD Proxy] Got response with status 404: {"sessionId":"23383a32-2090-408c-819b-66c4c30fef39","value":{"error":"no such element","message":"An element could not be located on the page using the given search parameters","stacktrace":"io.appium.uiautomator2.common.exceptions.ElementNotFoundException: An element could not be located on the page using the given search parameters\n\tat io.appium.uiautomator2.handler.FindElement.findElement(FindElement.java:90)\n\tat io.appium.uiautomator2.handler.FindElement.safeHandle(FindElement.java:67)\n\tat io.appium.uiautomator2.handler.request.SafeRequestHandler.handle(SafeRequestHandler.java:59)\n\tat io.appium.uiautomator2.server.AppiumServlet.handleRequest(AppiumServlet.java:266)\n\tat io.appium.uiautomator2.server.AppiumServlet.handleHttpRequest(AppiumServlet.java:260)\n\tat io.appium.uiautomator2.http.ServerHandler.channelRead(ServerHandler.java:68)\n\tat io.netty.channel.AbstractChannelHandlerContext.invokeChannelRead(AbstractChannelHandlerContext.java:366)\n\tat io.netty.channel.AbstractChannelHandlerCont...
2023-06-16 05:37:54:996 [W3C] Matched W3C error code 'no such element' to NoSuchElementError
2023-06-16 05:37:54:996 [BaseDriver] Waited for 1492 ms so far
2023-06-16 05:37:55:499 [WD Proxy] Matched '/element' to command name 'findElement'
2023-06-16 05:37:55:499 [WD Proxy] Proxying [POST /element] to [POST http://127.0.0.1:8200/wd/hub/session/23383a32-2090-408c-819b-66c4c30fef39/element] with body: {"strategy":"xpath","selector":"//android.widget.TextView[@text='Dismiss']","context":"","multiple":false}
2023-06-16 05:37:57:964 [WD Proxy] Got response with status 200: {"sessionId":"23383a32-2090-408c-819b-66c4c30fef39","value":{"ELEMENT":"00000000-0000-008c-ffff-ffff00000052","element-6066-11e4-a52e-4f735466cecf":"00000000-0000-008c-ffff-ffff00000052"}}
2023-06-16 05:37:57:965 [W3C (082ed66c)] Responding to client with driver.findElement() result: {"element-6066-11e4-a52e-4f735466cecf":"00000000-0000-008c-ffff-ffff00000052","ELEMENT":"00000000-0000-008c-ffff-ffff00000052"}
2023-06-16 05:37:57:966 [HTTP] <-- POST /wd/hub/session/082ed66c-0940-4742-932b-a42378129f66/element 200 4463 ms - 137
2023-06-16 05:37:57:966 [HTTP] 
2023-06-16 05:37:57:971 [HTTP] --> POST /wd/hub/session/082ed66c-0940-4742-932b-a42378129f66/element/00000000-0000-008c-ffff-ffff00000052/click
2023-06-16 05:37:57:971 [HTTP] {"id":"00000000-0000-008c-ffff-ffff00000052"}
2023-06-16 05:37:57:972 [W3C (082ed66c)] Calling AppiumDriver.click() with args: ["00000000-0000-008c-ffff-ffff00000052","082ed66c-0940-4742-932b-a42378129f66"]
2023-06-16 05:37:57:973 [WD Proxy] Matched '/element/00000000-0000-008c-ffff-ffff00000052/click' to command name 'click'
2023-06-16 05:37:57:974 [WD Proxy] Proxying [POST /element/00000000-0000-008c-ffff-ffff00000052/click] to [POST http://127.0.0.1:8200/wd/hub/session/23383a32-2090-408c-819b-66c4c30fef39/element/00000000-0000-008c-ffff-ffff00000052/click] with body: {"element":"00000000-0000-008c-ffff-ffff00000052"}
2023-06-16 05:37:58:022 [WD Proxy] Got response with status 200: {"sessionId":"23383a32-2090-408c-819b-66c4c30fef39","value":null}
2023-06-16 05:37:58:023 [W3C (082ed66c)] Responding to client with driver.click() result: null
2023-06-16 05:37:58:024 [HTTP] <-- POST /wd/hub/session/082ed66c-0940-4742-932b-a42378129f66/element/00000000-0000-008c-ffff-ffff00000052/click 200 53 ms - 14
2023-06-16 05:37:58:024 [HTTP] 
2023-06-16 05:37:58:031 [HTTP] --> POST /wd/hub/session/082ed66c-0940-4742-932b-a42378129f66/element
2023-06-16 05:37:58:032 [HTTP] {"using":"xpath","value":"//android.widget.TextView[@text='Sign in']"}
2023-06-16 05:37:58:032 [W3C (082ed66c)] Calling AppiumDriver.findElement() with args: ["xpath","//android.widget.TextView[@text='Sign in']","082ed66c-0940-4742-932b-a42378129f66"]
2023-06-16 05:37:58:033 [BaseDriver] Valid locator strategies for this request: xpath, id, class name, accessibility id, css selector, -android uiautomator
2023-06-16 05:37:58:033 [BaseDriver] Waiting up to 30000 ms for condition
2023-06-16 05:37:58:033 [WD Proxy] Matched '/element' to command name 'findElement'
2023-06-16 05:37:58:033 [WD Proxy] Proxying [POST /element] to [POST http://127.0.0.1:8200/wd/hub/session/23383a32-2090-408c-819b-66c4c30fef39/element] with body: {"strategy":"xpath","selector":"//android.widget.TextView[@text='Sign in']","context":"","multiple":false}
2023-06-16 05:37:58:215 [WD Proxy] Got response with status 404: {"sessionId":"23383a32-2090-408c-819b-66c4c30fef39","value":{"error":"no such element","message":"An element could not be located on the page using the given search parameters","stacktrace":"io.appium.uiautomator2.common.exceptions.ElementNotFoundException: An element could not be located on the page using the given search parameters\n\tat io.appium.uiautomator2.handler.FindElement.findElement(FindElement.java:90)\n\tat io.appium.uiautomator2.handler.FindElement.safeHandle(FindElement.java:67)\n\tat io.appium.uiautomator2.handler.request.SafeRequestHandler.handle(SafeRequestHandler.java:59)\n\tat io.appium.uiautomator2.server.AppiumServlet.handleRequest(AppiumServlet.java:266)\n\tat io.appium.uiautomator2.server.AppiumServlet.handleHttpRequest(AppiumServlet.java:260)\n\tat io.appium.uiautomator2.http.ServerHandler.channelRead(ServerHandler.java:68)\n\tat io.netty.channel.AbstractChannelHandlerContext.invokeChannelRead(AbstractChannelHandlerContext.java:366)\n\tat io.netty.channel.AbstractChannelHandlerCont...
2023-06-16 05:37:58:215 [W3C] Matched W3C error code 'no such element' to NoSuchElementError
2023-06-16 05:37:58:215 [BaseDriver] Waited for 182 ms so far
2023-06-16 05:37:58:716 [WD Proxy] Matched '/element' to command name 'findElement'
2023-06-16 05:37:58:716 [WD Proxy] Proxying [POST /element] to [POST http://127.0.0.1:8200/wd/hub/session/23383a32-2090-408c-819b-66c4c30fef39/element] with body: {"strategy":"xpath","selector":"//android.widget.TextView[@text='Sign in']","context":"","multiple":false}
2023-06-16 05:37:59:372 [WD Proxy] Got response with status 200: {"sessionId":"23383a32-2090-408c-819b-66c4c30fef39","value":{"ELEMENT":"00000000-0000-008b-ffff-ffff00000022","element-6066-11e4-a52e-4f735466cecf":"00000000-0000-008b-ffff-ffff00000022"}}
2023-06-16 05:37:59:373 [W3C (082ed66c)] Responding to client with driver.findElement() result: {"element-6066-11e4-a52e-4f735466cecf":"00000000-0000-008b-ffff-ffff00000022","ELEMENT":"00000000-0000-008b-ffff-ffff00000022"}
2023-06-16 05:37:59:374 [HTTP] <-- POST /wd/hub/session/082ed66c-0940-4742-932b-a42378129f66/element 200 1342 ms - 137
2023-06-16 05:37:59:374 [HTTP] 
2023-06-16 05:37:59:378 [HTTP] --> POST /wd/hub/session/082ed66c-0940-4742-932b-a42378129f66/element/00000000-0000-008b-ffff-ffff00000022/click
2023-06-16 05:37:59:378 [HTTP] {"id":"00000000-0000-008b-ffff-ffff00000022"}
2023-06-16 05:37:59:379 [W3C (082ed66c)] Calling AppiumDriver.click() with args: ["00000000-0000-008b-ffff-ffff00000022","082ed66c-0940-4742-932b-a42378129f66"]
2023-06-16 05:37:59:379 [WD Proxy] Matched '/element/00000000-0000-008b-ffff-ffff00000022/click' to command name 'click'
2023-06-16 05:37:59:379 [WD Proxy] Proxying [POST /element/00000000-0000-008b-ffff-ffff00000022/click] to [POST http://127.0.0.1:8200/wd/hub/session/23383a32-2090-408c-819b-66c4c30fef39/element/00000000-0000-008b-ffff-ffff00000022/click] with body: {"element":"00000000-0000-008b-ffff-ffff00000022"}
2023-06-16 05:37:59:451 [WD Proxy] Got response with status 200: {"sessionId":"23383a32-2090-408c-819b-66c4c30fef39","value":null}
2023-06-16 05:37:59:451 [W3C (082ed66c)] Responding to client with driver.click() result: null
2023-06-16 05:37:59:452 [HTTP] <-- POST /wd/hub/session/082ed66c-0940-4742-932b-a42378129f66/element/00000000-0000-008b-ffff-ffff00000022/click 200 74 ms - 14
2023-06-16 05:37:59:452 [HTTP] 
2023-06-16 05:37:59:461 [HTTP] --> POST /wd/hub/session/082ed66c-0940-4742-932b-a42378129f66/element
2023-06-16 05:37:59:461 [HTTP] {"using":"xpath","value":"//android.widget.TextView[@text='Sign in']"}
2023-06-16 05:37:59:462 [W3C (082ed66c)] Calling AppiumDriver.findElement() with args: ["xpath","//android.widget.TextView[@text='Sign in']","082ed66c-0940-4742-932b-a42378129f66"]
2023-06-16 05:37:59:462 [BaseDriver] Valid locator strategies for this request: xpath, id, class name, accessibility id, css selector, -android uiautomator
2023-06-16 05:37:59:462 [BaseDriver] Waiting up to 30000 ms for condition
2023-06-16 05:37:59:463 [WD Proxy] Matched '/element' to command name 'findElement'
2023-06-16 05:37:59:463 [WD Proxy] Proxying [POST /element] to [POST http://127.0.0.1:8200/wd/hub/session/23383a32-2090-408c-819b-66c4c30fef39/element] with body: {"strategy":"xpath","selector":"//android.widget.TextView[@text='Sign in']","context":"","multiple":false}
2023-06-16 05:38:00:237 [WD Proxy] Got response with status 200: {"sessionId":"23383a32-2090-408c-819b-66c4c30fef39","value":{"ELEMENT":"00000000-0000-008b-ffff-ffff00000073","element-6066-11e4-a52e-4f735466cecf":"00000000-0000-008b-ffff-ffff00000073"}}
2023-06-16 05:38:00:237 [W3C (082ed66c)] Responding to client with driver.findElement() result: {"element-6066-11e4-a52e-4f735466cecf":"00000000-0000-008b-ffff-ffff00000073","ELEMENT":"00000000-0000-008b-ffff-ffff00000073"}
2023-06-16 05:38:00:238 [HTTP] <-- POST /wd/hub/session/082ed66c-0940-4742-932b-a42378129f66/element 200 777 ms - 137
2023-06-16 05:38:00:238 [HTTP] 
2023-06-16 05:38:00:242 [HTTP] --> POST /wd/hub/session/082ed66c-0940-4742-932b-a42378129f66/element/00000000-0000-008b-ffff-ffff00000073/click
2023-06-16 05:38:00:242 [HTTP] {"id":"00000000-0000-008b-ffff-ffff00000073"}
2023-06-16 05:38:00:242 [W3C (082ed66c)] Calling AppiumDriver.click() with args: ["00000000-0000-008b-ffff-ffff00000073","082ed66c-0940-4742-932b-a42378129f66"]
2023-06-16 05:38:00:243 [WD Proxy] Matched '/element/00000000-0000-008b-ffff-ffff00000073/click' to command name 'click'
2023-06-16 05:38:00:243 [WD Proxy] Proxying [POST /element/00000000-0000-008b-ffff-ffff00000073/click] to [POST http://127.0.0.1:8200/wd/hub/session/23383a32-2090-408c-819b-66c4c30fef39/element/00000000-0000-008b-ffff-ffff00000073/click] with body: {"element":"00000000-0000-008b-ffff-ffff00000073"}
2023-06-16 05:38:00:316 [WD Proxy] Got response with status 200: {"sessionId":"23383a32-2090-408c-819b-66c4c30fef39","value":null}
2023-06-16 05:38:00:317 [W3C (082ed66c)] Responding to client with driver.click() result: null
2023-06-16 05:38:00:317 [HTTP] <-- POST /wd/hub/session/082ed66c-0940-4742-932b-a42378129f66/element/00000000-0000-008b-ffff-ffff00000073/click 200 75 ms - 14
2023-06-16 05:38:00:318 [HTTP] 
2023-06-16 05:38:00:325 [HTTP] --> POST /wd/hub/session/082ed66c-0940-4742-932b-a42378129f66/element
2023-06-16 05:38:00:325 [HTTP] {"using":"xpath","value":"//android.widget.EditText[contains(@text,'address or')]"}
2023-06-16 05:38:00:326 [W3C (082ed66c)] Calling AppiumDriver.findElement() with args: ["xpath","//android.widget.EditText[contains(@text,'address or')]","082ed66c-0940-4742-932b-a42378129f66"]
2023-06-16 05:38:00:326 [BaseDriver] Valid locator strategies for this request: xpath, id, class name, accessibility id, css selector, -android uiautomator
2023-06-16 05:38:00:326 [BaseDriver] Waiting up to 30000 ms for condition
2023-06-16 05:38:00:327 [WD Proxy] Matched '/element' to command name 'findElement'
2023-06-16 05:38:00:327 [WD Proxy] Proxying [POST /element] to [POST http://127.0.0.1:8200/wd/hub/session/23383a32-2090-408c-819b-66c4c30fef39/element] with body: {"strategy":"xpath","selector":"//android.widget.EditText[contains(@text,'address or')]","context":"","multiple":false}
2023-06-16 05:38:01:084 [WD Proxy] Got response with status 200: {"sessionId":"23383a32-2090-408c-819b-66c4c30fef39","value":{"ELEMENT":"00000000-0000-008b-ffff-ffff0000008c","element-6066-11e4-a52e-4f735466cecf":"00000000-0000-008b-ffff-ffff0000008c"}}
2023-06-16 05:38:01:085 [W3C (082ed66c)] Responding to client with driver.findElement() result: {"element-6066-11e4-a52e-4f735466cecf":"00000000-0000-008b-ffff-ffff0000008c","ELEMENT":"00000000-0000-008b-ffff-ffff0000008c"}
2023-06-16 05:38:01:086 [HTTP] <-- POST /wd/hub/session/082ed66c-0940-4742-932b-a42378129f66/element 200 760 ms - 137
2023-06-16 05:38:01:086 [HTTP] 
2023-06-16 05:38:01:090 [HTTP] --> POST /wd/hub/session/082ed66c-0940-4742-932b-a42378129f66/element/00000000-0000-008b-ffff-ffff0000008c/value
2023-06-16 05:38:01:090 [HTTP] {"id":"00000000-0000-008b-ffff-ffff0000008c","text":"kim","value":["k","i","m"]}
2023-06-16 05:38:01:090 [W3C (082ed66c)] Calling AppiumDriver.setValue() with args: [["k","i","m"],"00000000-0000-008b-ffff-ffff0000008c","082ed66c-0940-4742-932b-a42378129f66"]
2023-06-16 05:38:01:091 [WD Proxy] Matched '/element/00000000-0000-008b-ffff-ffff0000008c/value' to command name 'setValue'
2023-06-16 05:38:01:092 [Protocol Converter] Added 'value' property ["k","i","m"] to 'setValue' request body
2023-06-16 05:38:01:092 [WD Proxy] Proxying [POST /element/00000000-0000-008b-ffff-ffff0000008c/value] to [POST http://127.0.0.1:8200/wd/hub/session/23383a32-2090-408c-819b-66c4c30fef39/element/00000000-0000-008b-ffff-ffff0000008c/value] with body: {"elementId":"00000000-0000-008b-ffff-ffff0000008c","text":"kim","replace":false,"value":["k","i","m"]}
2023-06-16 05:38:01:133 [WD Proxy] Got response with status 200: {"sessionId":"23383a32-2090-408c-819b-66c4c30fef39","value":null}
2023-06-16 05:38:01:133 [W3C (082ed66c)] Responding to client with driver.setValue() result: null
2023-06-16 05:38:01:136 [HTTP] <-- POST /wd/hub/session/082ed66c-0940-4742-932b-a42378129f66/element/00000000-0000-008b-ffff-ffff0000008c/value 200 44 ms - 14
2023-06-16 05:38:01:137 [HTTP] 
2023-06-16 05:38:01:145 [HTTP] --> POST /wd/hub/session/082ed66c-0940-4742-932b-a42378129f66/element
2023-06-16 05:38:01:145 [HTTP] {"using":"xpath","value":"//android.widget.EditText[@content-desc='Password']"}
2023-06-16 05:38:01:146 [W3C (082ed66c)] Calling AppiumDriver.findElement() with args: ["xpath","//android.widget.EditText[@content-desc='Password']","082ed66c-0940-4742-932b-a42378129f66"]
2023-06-16 05:38:01:147 [BaseDriver] Valid locator strategies for this request: xpath, id, class name, accessibility id, css selector, -android uiautomator
2023-06-16 05:38:01:147 [BaseDriver] Waiting up to 30000 ms for condition
2023-06-16 05:38:01:148 [WD Proxy] Matched '/element' to command name 'findElement'
2023-06-16 05:38:01:148 [WD Proxy] Proxying [POST /element] to [POST http://127.0.0.1:8200/wd/hub/session/23383a32-2090-408c-819b-66c4c30fef39/element] with body: {"strategy":"xpath","selector":"//android.widget.EditText[@content-desc='Password']","context":"","multiple":false}
2023-06-16 05:38:01:715 [WD Proxy] Got response with status 200: {"sessionId":"23383a32-2090-408c-819b-66c4c30fef39","value":{"ELEMENT":"00000000-0000-008b-ffff-ffff0000008d","element-6066-11e4-a52e-4f735466cecf":"00000000-0000-008b-ffff-ffff0000008d"}}
2023-06-16 05:38:01:716 [W3C (082ed66c)] Responding to client with driver.findElement() result: {"element-6066-11e4-a52e-4f735466cecf":"00000000-0000-008b-ffff-ffff0000008d","ELEMENT":"00000000-0000-008b-ffff-ffff0000008d"}
2023-06-16 05:38:01:717 [HTTP] <-- POST /wd/hub/session/082ed66c-0940-4742-932b-a42378129f66/element 200 571 ms - 137
2023-06-16 05:38:01:717 [HTTP] 
2023-06-16 05:38:01:721 [HTTP] --> POST /wd/hub/session/082ed66c-0940-4742-932b-a42378129f66/element/00000000-0000-008b-ffff-ffff0000008d/value
2023-06-16 05:38:01:721 [HTTP] {"id":"00000000-0000-008b-ffff-ffff0000008d","text":"kim123","value":["k","i","m","1","2","3"]}
2023-06-16 05:38:01:722 [W3C (082ed66c)] Calling AppiumDriver.setValue() with args: [["k","i","m","1","2","3"],"00000000-0000-008b-ffff-ffff0000008d","082ed66c-0940-4742-932b-a42378129f66"]
2023-06-16 05:38:01:722 [WD Proxy] Matched '/element/00000000-0000-008b-ffff-ffff0000008d/value' to command name 'setValue'
2023-06-16 05:38:01:722 [Protocol Converter] Added 'value' property ["k","i","m","1","2","3"] to 'setValue' request body
2023-06-16 05:38:01:723 [WD Proxy] Proxying [POST /element/00000000-0000-008b-ffff-ffff0000008d/value] to [POST http://127.0.0.1:8200/wd/hub/session/23383a32-2090-408c-819b-66c4c30fef39/element/00000000-0000-008b-ffff-ffff0000008d/value] with body: {"elementId":"00000000-0000-008b-ffff-ffff0000008d","text":"kim123","replace":false,"value":["k","i","m","1","2","3"]}
2023-06-16 05:38:02:276 [WD Proxy] Got response with status 200: {"sessionId":"23383a32-2090-408c-819b-66c4c30fef39","value":null}
2023-06-16 05:38:02:277 [W3C (082ed66c)] Responding to client with driver.setValue() result: null
2023-06-16 05:38:02:278 [HTTP] <-- POST /wd/hub/session/082ed66c-0940-4742-932b-a42378129f66/element/00000000-0000-008b-ffff-ffff0000008d/value 200 556 ms - 14
2023-06-16 05:38:02:278 [HTTP] 
2023-06-16 05:38:02:283 [HTTP] --> POST /wd/hub/session/082ed66c-0940-4742-932b-a42378129f66/element
2023-06-16 05:38:02:284 [HTTP] {"using":"xpath","value":"(//android.widget.TextView[@text='Sign in'])[2]"}
2023-06-16 05:38:02:284 [W3C (082ed66c)] Calling AppiumDriver.findElement() with args: ["xpath","(//android.widget.TextView[@text='Sign in'])[2]","082ed66c-0940-4742-932b-a42378129f66"]
2023-06-16 05:38:02:285 [BaseDriver] Valid locator strategies for this request: xpath, id, class name, accessibility id, css selector, -android uiautomator
2023-06-16 05:38:02:285 [BaseDriver] Waiting up to 30000 ms for condition
2023-06-16 05:38:02:285 [WD Proxy] Matched '/element' to command name 'findElement'
2023-06-16 05:38:02:285 [WD Proxy] Proxying [POST /element] to [POST http://127.0.0.1:8200/wd/hub/session/23383a32-2090-408c-819b-66c4c30fef39/element] with body: {"strategy":"xpath","selector":"(//android.widget.TextView[@text='Sign in'])[2]","context":"","multiple":false}
2023-06-16 05:38:03:020 [WD Proxy] Got response with status 200: {"sessionId":"23383a32-2090-408c-819b-66c4c30fef39","value":{"ELEMENT":"00000000-0000-008b-ffff-ffff00000091","element-6066-11e4-a52e-4f735466cecf":"00000000-0000-008b-ffff-ffff00000091"}}
2023-06-16 05:38:03:020 [W3C (082ed66c)] Responding to client with driver.findElement() result: {"element-6066-11e4-a52e-4f735466cecf":"00000000-0000-008b-ffff-ffff00000091","ELEMENT":"00000000-0000-008b-ffff-ffff00000091"}
2023-06-16 05:38:03:021 [HTTP] <-- POST /wd/hub/session/082ed66c-0940-4742-932b-a42378129f66/element 200 738 ms - 137
2023-06-16 05:38:03:021 [HTTP] 
2023-06-16 05:38:03:025 [HTTP] --> POST /wd/hub/session/082ed66c-0940-4742-932b-a42378129f66/element/00000000-0000-008b-ffff-ffff00000091/click
2023-06-16 05:38:03:025 [HTTP] {"id":"00000000-0000-008b-ffff-ffff00000091"}
2023-06-16 05:38:03:025 [W3C (082ed66c)] Calling AppiumDriver.click() with args: ["00000000-0000-008b-ffff-ffff00000091","082ed66c-0940-4742-932b-a42378129f66"]
2023-06-16 05:38:03:026 [WD Proxy] Matched '/element/00000000-0000-008b-ffff-ffff00000091/click' to command name 'click'
2023-06-16 05:38:03:026 [WD Proxy] Proxying [POST /element/00000000-0000-008b-ffff-ffff00000091/click] to [POST http://127.0.0.1:8200/wd/hub/session/23383a32-2090-408c-819b-66c4c30fef39/element/00000000-0000-008b-ffff-ffff00000091/click] with body: {"element":"00000000-0000-008b-ffff-ffff00000091"}
2023-06-16 05:38:03:110 [WD Proxy] Got response with status 200: {"sessionId":"23383a32-2090-408c-819b-66c4c30fef39","value":null}
2023-06-16 05:38:03:111 [W3C (082ed66c)] Responding to client with driver.click() result: null
2023-06-16 05:38:03:112 [HTTP] <-- POST /wd/hub/session/082ed66c-0940-4742-932b-a42378129f66/element/00000000-0000-008b-ffff-ffff00000091/click 200 86 ms - 14
2023-06-16 05:38:03:112 [HTTP] 
2023-06-16 05:38:03:120 [HTTP] --> POST /wd/hub/session/082ed66c-0940-4742-932b-a42378129f66/element
2023-06-16 05:38:03:120 [HTTP] {"using":"xpath","value":"//*[contains(@text,'issue')]"}
2023-06-16 05:38:03:121 [W3C (082ed66c)] Calling AppiumDriver.findElement() with args: ["xpath","//*[contains(@text,'issue')]","082ed66c-0940-4742-932b-a42378129f66"]
2023-06-16 05:38:03:121 [BaseDriver] Valid locator strategies for this request: xpath, id, class name, accessibility id, css selector, -android uiautomator
2023-06-16 05:38:03:122 [BaseDriver] Waiting up to 30000 ms for condition
2023-06-16 05:38:03:126 [WD Proxy] Matched '/element' to command name 'findElement'
2023-06-16 05:38:03:127 [WD Proxy] Proxying [POST /element] to [POST http://127.0.0.1:8200/wd/hub/session/23383a32-2090-408c-819b-66c4c30fef39/element] with body: {"strategy":"xpath","selector":"//*[contains(@text,'issue')]","context":"","multiple":false}
2023-06-16 05:38:03:280 [WD Proxy] Got response with status 404: {"sessionId":"23383a32-2090-408c-819b-66c4c30fef39","value":{"error":"no such element","message":"An element could not be located on the page using the given search parameters","stacktrace":"io.appium.uiautomator2.common.exceptions.ElementNotFoundException: An element could not be located on the page using the given search parameters\n\tat io.appium.uiautomator2.handler.FindElement.findElement(FindElement.java:90)\n\tat io.appium.uiautomator2.handler.FindElement.safeHandle(FindElement.java:67)\n\tat io.appium.uiautomator2.handler.request.SafeRequestHandler.handle(SafeRequestHandler.java:59)\n\tat io.appium.uiautomator2.server.AppiumServlet.handleRequest(AppiumServlet.java:266)\n\tat io.appium.uiautomator2.server.AppiumServlet.handleHttpRequest(AppiumServlet.java:260)\n\tat io.appium.uiautomator2.http.ServerHandler.channelRead(ServerHandler.java:68)\n\tat io.netty.channel.AbstractChannelHandlerContext.invokeChannelRead(AbstractChannelHandlerContext.java:366)\n\tat io.netty.channel.AbstractChannelHandlerCont...
2023-06-16 05:38:03:281 [W3C] Matched W3C error code 'no such element' to NoSuchElementError
2023-06-16 05:38:03:281 [BaseDriver] Waited for 159 ms so far
2023-06-16 05:38:03:787 [WD Proxy] Matched '/element' to command name 'findElement'
2023-06-16 05:38:03:787 [WD Proxy] Proxying [POST /element] to [POST http://127.0.0.1:8200/wd/hub/session/23383a32-2090-408c-819b-66c4c30fef39/element] with body: {"strategy":"xpath","selector":"//*[contains(@text,'issue')]","context":"","multiple":false}
2023-06-16 05:38:04:895 [WD Proxy] Got response with status 200: {"sessionId":"23383a32-2090-408c-819b-66c4c30fef39","value":{"ELEMENT":"00000000-0000-008b-ffff-ffff000000af","element-6066-11e4-a52e-4f735466cecf":"00000000-0000-008b-ffff-ffff000000af"}}
2023-06-16 05:38:04:896 [W3C (082ed66c)] Responding to client with driver.findElement() result: {"element-6066-11e4-a52e-4f735466cecf":"00000000-0000-008b-ffff-ffff000000af","ELEMENT":"00000000-0000-008b-ffff-ffff000000af"}
2023-06-16 05:38:04:899 [HTTP] <-- POST /wd/hub/session/082ed66c-0940-4742-932b-a42378129f66/element 200 1778 ms - 137
2023-06-16 05:38:04:900 [HTTP] 
2023-06-16 05:38:04:909 [HTTP] --> GET /wd/hub/session/082ed66c-0940-4742-932b-a42378129f66/element/00000000-0000-008b-ffff-ffff000000af/text
2023-06-16 05:38:04:909 [HTTP] {}
2023-06-16 05:38:04:911 [W3C (082ed66c)] Driver proxy active, passing request on via HTTP proxy
2023-06-16 05:38:04:912 [WD Proxy] Matched '/wd/hub/session/082ed66c-0940-4742-932b-a42378129f66/element/00000000-0000-008b-ffff-ffff000000af/text' to command name 'getText'
2023-06-16 05:38:04:913 [WD Proxy] Proxying [GET /wd/hub/session/082ed66c-0940-4742-932b-a42378129f66/element/00000000-0000-008b-ffff-ffff000000af/text] to [GET http://127.0.0.1:8200/wd/hub/session/23383a32-2090-408c-819b-66c4c30fef39/element/00000000-0000-008b-ffff-ffff000000af/text] with no body
2023-06-16 05:38:04:947 [WD Proxy] Got response with status 200: {"sessionId":"23383a32-2090-408c-819b-66c4c30fef39","value":"There was an issue signing in"}
2023-06-16 05:38:04:947 [WD Proxy] Replacing sessionId 23383a32-2090-408c-819b-66c4c30fef39 with 082ed66c-0940-4742-932b-a42378129f66
2023-06-16 05:38:04:949 [HTTP] <-- GET /wd/hub/session/082ed66c-0940-4742-932b-a42378129f66/element/00000000-0000-008b-ffff-ffff000000af/text 200 39 ms - 92
2023-06-16 05:38:04:949 [HTTP] 
2023-06-16 05:38:04:958 [HTTP] --> DELETE /wd/hub/session/082ed66c-0940-4742-932b-a42378129f66
2023-06-16 05:38:04:958 [HTTP] {}
2023-06-16 05:38:04:958 [W3C (082ed66c)] Calling AppiumDriver.deleteSession() with args: ["082ed66c-0940-4742-932b-a42378129f66"]
2023-06-16 05:38:04:958 [BaseDriver] Event 'quitSessionRequested' logged at 1686893884958 (11:08:04 GMT+0530 (India Standard Time))
2023-06-16 05:38:04:959 [Appium] Removing session 082ed66c-0940-4742-932b-a42378129f66 from our master session list
2023-06-16 05:38:04:960 [UiAutomator2] Deleting UiAutomator2 session
2023-06-16 05:38:04:960 [UiAutomator2] Deleting UiAutomator2 server session
2023-06-16 05:38:04:960 [WD Proxy] Matched '/' to command name 'deleteSession'
2023-06-16 05:38:04:961 [WD Proxy] Proxying [DELETE /] to [DELETE http://127.0.0.1:8200/wd/hub/session/23383a32-2090-408c-819b-66c4c30fef39] with no body
2023-06-16 05:38:04:997 [WD Proxy] Got response with status 200: {"sessionId":"23383a32-2090-408c-819b-66c4c30fef39","value":null}
2023-06-16 05:38:04:998 [ADB] Running '/Users/balaji/Library/Android/sdk/platform-tools/adb -P 5037 -s emulator-5554 shell am force-stop org.khanacademy.android'
2023-06-16 05:38:05:104 [Instrumentation] .
2023-06-16 05:38:05:183 [Instrumentation] Time: 17.132
2023-06-16 05:38:05:183 [Instrumentation] 
2023-06-16 05:38:05:183 [Instrumentation] OK (1 test)
2023-06-16 05:38:05:382 [Instrumentation] The process has exited with code 0
2023-06-16 05:38:05:651 [Logcat] Stopping logcat capture
2023-06-16 05:38:05:656 [ADB] Removing forwarded port socket connection: 8200 
2023-06-16 05:38:05:658 [ADB] Running '/Users/balaji/Library/Android/sdk/platform-tools/adb -P 5037 -s emulator-5554 forward --remove tcp:8200'
2023-06-16 05:38:05:716 [UiAutomator2] Restoring hidden api policy to the device default configuration
2023-06-16 05:38:05:717 [ADB] Running '/Users/balaji/Library/Android/sdk/platform-tools/adb -P 5037 -s emulator-5554 shell 'settings delete global hidden_api_policy_pre_p_apps;settings delete global hidden_api_policy_p_apps;settings delete global hidden_api_policy''
2023-06-16 05:38:06:470 [BaseDriver] Event 'quitSessionFinished' logged at 1686893886470 (11:08:06 GMT+0530 (India Standard Time))
2023-06-16 05:38:06:470 [W3C (082ed66c)] Received response: null
2023-06-16 05:38:06:470 [W3C (082ed66c)] But deleting session, so not returning
2023-06-16 05:38:06:470 [W3C (082ed66c)] Responding to client with driver.deleteSession() result: null
2023-06-16 05:38:06:472 [HTTP] <-- DELETE /wd/hub/session/082ed66c-0940-4742-932b-a42378129f66 200 1514 ms - 14
2023-06-16 05:38:06:472 [HTTP] 
2023-06-16 05:38:06:482 [Appium] Received SIGTERM - shutting down
2023-06-16 05:38:06:483 [Appium] There are no active sessions for cleanup
2023-06-16 05:38:06:488 uncaughtException: write EPIPE
Error: write EPIPE
    at afterWriteDispatched (node:internal/stream_base_commons:160:15)
    at writeGeneric (node:internal/stream_base_commons:151:3)
    at Socket._writeGeneric (node:net:930:11)
    at Socket._write (node:net:942:8)
    at writeOrBuffer (node:internal/streams/writable:392:12)
    at _write (node:internal/streams/writable:333:10)
    at Socket.Writable.write (node:internal/streams/writable:337:10)
    at Console.log (/usr/local/lib/node_modules/appium/node_modules/winston/lib/winston/transports/console.js:79:23)
    at Console._write (/usr/local/lib/node_modules/appium/node_modules/winston-transport/index.js:103:17)
    at doWrite (/usr/local/lib/node_modules/appium/node_modules/winston-transport/node_modules/readable-stream/lib/_stream_writable.js:428:64)
    at writeOrBuffer (/usr/local/lib/node_modules/appium/node_modules/winston-transport/node_modules/readable-stream/lib/_stream_writable.js:417:5)
    at Console.Writable.write (/usr/local/lib/node_modules/appium/node_modules/winston-transport/node_modules/readable-stream/lib/_stream_writable.js:334:11)
    at DerivedLogger.ondata (/usr/local/lib/node_modules/appium/node_modules/readable-stream/lib/_stream_readable.js:681:20)
    at DerivedLogger.emit (node:events:525:35)
    at addChunk (/usr/local/lib/node_modules/appium/node_modules/readable-stream/lib/_stream_readable.js:298:12)
    at readableAddChunk (/usr/local/lib/node_modules/appium/node_modules/readable-stream/lib/_stream_readable.js:280:11)
2023-06-16 05:38:06:495 uncaughtException: write EPIPE
Error: write EPIPE
    at afterWriteDispatched (node:internal/stream_base_commons:160:15)
    at writeGeneric (node:internal/stream_base_commons:151:3)
    at Socket._writeGeneric (node:net:930:11)
    at Socket._write (node:net:942:8)
    at writeOrBuffer (node:internal/streams/writable:392:12)
    at _write (node:internal/streams/writable:333:10)
    at Socket.Writable.write (node:internal/streams/writable:337:10)
    at Console.log (/usr/local/lib/node_modules/appium/node_modules/winston/lib/winston/transports/console.js:51:25)
    at Console._write (/usr/local/lib/node_modules/appium/node_modules/winston-transport/index.js:103:17)
    at doWrite (/usr/local/lib/node_modules/appium/node_modules/winston-transport/node_modules/readable-stream/lib/_stream_writable.js:428:64)
    at writeOrBuffer (/usr/local/lib/node_modules/appium/node_modules/winston-transport/node_modules/readable-stream/lib/_stream_writable.js:417:5)
    at Console.Writable.write (/usr/local/lib/node_modules/appium/node_modules/winston-transport/node_modules/readable-stream/lib/_stream_writable.js:334:11)
    at DerivedLogger.ondata (/usr/local/lib/node_modules/appium/node_modules/readable-stream/lib/_stream_readable.js:681:20)
    at DerivedLogger.emit (node:events:525:35)
    at addChunk (/usr/local/lib/node_modules/appium/node_modules/readable-stream/lib/_stream_readable.js:298:12)
    at readableAddChunk (/usr/local/lib/node_modules/appium/node_modules/readable-stream/lib/_stream_readable.js:280:11)
2023-06-16 05:38:06:509 uncaughtException: write EPIPE
Error: write EPIPE
    at afterWriteDispatched (node:internal/stream_base_commons:160:15)
    at writeGeneric (node:internal/stream_base_commons:151:3)
    at Socket._writeGeneric (node:net:930:11)
    at Socket._write (node:net:942:8)
    at writeOrBuffer (node:internal/streams/writable:392:12)
    at _write (node:internal/streams/writable:333:10)
    at Socket.Writable.write (node:internal/streams/writable:337:10)
    at Console.log (/usr/local/lib/node_modules/appium/node_modules/winston/lib/winston/transports/console.js:51:25)
    at Console._write (/usr/local/lib/node_modules/appium/node_modules/winston-transport/index.js:103:17)
    at doWrite (/usr/local/lib/node_modules/appium/node_modules/winston-transport/node_modules/readable-stream/lib/_stream_writable.js:428:64)
    at writeOrBuffer (/usr/local/lib/node_modules/appium/node_modules/winston-transport/node_modules/readable-stream/lib/_stream_writable.js:417:5)
    at Console.Writable.write (/usr/local/lib/node_modules/appium/node_modules/winston-transport/node_modules/readable-stream/lib/_stream_writable.js:334:11)
    at DerivedLogger.ondata (/usr/local/lib/node_modules/appium/node_modules/readable-stream/lib/_stream_readable.js:681:20)
    at DerivedLogger.emit (node:events:525:35)
    at addChunk (/usr/local/lib/node_modules/appium/node_modules/readable-stream/lib/_stream_readable.js:298:12)
    at readableAddChunk (/usr/local/lib/node_modules/appium/node_modules/readable-stream/lib/_stream_readable.js:280:11)
2023-06-16 05:38:06:515 uncaughtException: write EPIPE
Error: write EPIPE
    at afterWriteDispatched (node:internal/stream_base_commons:160:15)
    at writeGeneric (node:internal/stream_base_commons:151:3)
    at Socket._writeGeneric (node:net:930:11)
    at Socket._write (node:net:942:8)
    at writeOrBuffer (node:internal/streams/writable:392:12)
    at _write (node:internal/streams/writable:333:10)
    at Socket.Writable.write (node:internal/streams/writable:337:10)
    at Console.log (/usr/local/lib/node_modules/appium/node_modules/winston/lib/winston/transports/console.js:51:25)
    at Console._write (/usr/local/lib/node_modules/appium/node_modules/winston-transport/index.js:103:17)
    at doWrite (/usr/local/lib/node_modules/appium/node_modules/winston-transport/node_modules/readable-stream/lib/_stream_writable.js:428:64)
    at writeOrBuffer (/usr/local/lib/node_modules/appium/node_modules/winston-transport/node_modules/readable-stream/lib/_stream_writable.js:417:5)
    at Console.Writable.write (/usr/local/lib/node_modules/appium/node_modules/winston-transport/node_modules/readable-stream/lib/_stream_writable.js:334:11)
    at DerivedLogger.ondata (/usr/local/lib/node_modules/appium/node_modules/readable-stream/lib/_stream_readable.js:681:20)
    at DerivedLogger.emit (node:events:525:35)
    at addChunk (/usr/local/lib/node_modules/appium/node_modules/readable-stream/lib/_stream_readable.js:298:12)
    at readableAddChunk (/usr/local/lib/node_modules/appium/node_modules/readable-stream/lib/_stream_readable.js:280:11)
2023-06-16 05:38:06:522 uncaughtException: write EPIPE
Error: write EPIPE
    at afterWriteDispatched (node:internal/stream_base_commons:160:15)
    at writeGeneric (node:internal/stream_base_commons:151:3)
    at Socket._writeGeneric (node:net:930:11)
    at Socket._write (node:net:942:8)
    at writeOrBuffer (node:internal/streams/writable:392:12)
    at _write (node:internal/streams/writable:333:10)
    at Socket.Writable.write (node:internal/streams/writable:337:10)
    at Console.log (/usr/local/lib/node_modules/appium/node_modules/winston/lib/winston/transports/console.js:51:25)
    at Console._write (/usr/local/lib/node_modules/appium/node_modules/winston-transport/index.js:103:17)
    at doWrite (/usr/local/lib/node_modules/appium/node_modules/winston-transport/node_modules/readable-stream/lib/_stream_writable.js:428:64)
    at writeOrBuffer (/usr/local/lib/node_modules/appium/node_modules/winston-transport/node_modules/readable-stream/lib/_stream_writable.js:417:5)
    at Console.Writable.write (/usr/local/lib/node_modules/appium/node_modules/winston-transport/node_modules/readable-stream/lib/_stream_writable.js:334:11)
    at DerivedLogger.ondata (/usr/local/lib/node_modules/appium/node_modules/readable-stream/lib/_stream_readable.js:681:20)
    at DerivedLogger.emit (node:events:525:35)
    at addChunk (/usr/local/lib/node_modules/appium/node_modules/readable-stream/lib/_stream_readable.js:298:12)
    at readableAddChunk (/usr/local/lib/node_modules/appium/node_modules/readable-stream/lib/_stream_readable.js:280:11)
